<?xml version="1.0" encoding="UTF-8"?>
<testsuite xmlns:xsi="http://www.w3.org/2001/XMLSchema-instance" xsi:noNamespaceSchemaLocation="https://maven.apache.org/surefire/maven-surefire-plugin/xsd/surefire-test-report.xsd" name="TestSuite" time="200.9" tests="11" errors="0" skipped="0" failures="1">
  <properties>
[...]
</properties>
  <testcase name="CreatAccountVerification" classname="com.test.CreatAccount.TC001_CreatAccountTest" time="9.497"/>
  <testcase name="Verificationtheinvalidemailpopup" classname="com.test.CreatAccount.TC002_VerifytheInvalidpopupTest" time="5.764"/>
  <testcase name="LoginVerification" classname="com.test.LoginPage.TC001_LoginPageTest" time="4.501"/>
  <testcase name="LoginVerification" classname="com.test.LoginPage.TC002_LoginPageTest" time="4.495"/>
  <testcase name="VerifyLoginTestwithXL" classname="com.test.LoginPage.TC003_LoginXLTest" time="3.894"/>
  <testcase name="VerifyLoginTestwithXL" classname="com.test.LoginPage.TC003_LoginXLTest" time="3.499"/>
  <testcase name="VelidatetitleBarlinks" classname="com.test.LoginPage.TC004_LoginPageVerifytitlebarlinksTest" time="12.181"/>
  <testcase name="ValidateSerchOption" classname="com.test.LoginPage.TC005_LoginPageVerifySearchOptionTest" time="2.955"/>
  <testcase name="ValidateSerchOption" classname="com.test.LoginPage.TC006LoginPageVerifyWomen_Dresses_Tshirt_OptionTest" time="11.378"/>
  <testcase name="VelidateSocialLink" classname="com.test.LoginPage.TC007LoginPage_Verify_social_LinkTest" time="7.102"/>
  <testcase name="BuyTshirt" classname="com.test.TshirtPage.TC001_TshirtPageTest" time="2.475">
    <failure message="TypeError: rect is undefined&#10;Build info: version: &apos;3.141.59&apos;, revision: &apos;e82be7d358&apos;, time: &apos;2018-11-14T08:17:03&apos;&#10;System info: host: &apos;LAPTOP-TLEVL4LQ&apos;, ip: &apos;192.168.128.1&apos;, os.name: &apos;Windows 10&apos;, os.arch: &apos;amd64&apos;, os.version: &apos;10.0&apos;, java.version: &apos;1.8.0_201&apos;&#10;Driver info: org.openqa.selenium.firefox.FirefoxDriver&#10;Capabilities {acceptInsecureCerts: true, browserName: firefox, browserVersion: 66.0.4, javascriptEnabled: true, moz:accessibilityChecks: false, moz:geckodriverVersion: 0.24.0, moz:headless: false, moz:processID: 3356, moz:profile: C:\Users\mail2\AppData\Loca..., moz:shutdownTimeout: 60000, moz:useNonSpecCompliantPointerOrigin: false, moz:webdriverClick: true, pageLoadStrategy: normal, platform: WINDOWS, platformName: WINDOWS, platformVersion: 10.0, rotatable: false, setWindowRect: true, strictFileInteractability: false, timeouts: {implicit: 0, pageLoad: 300000, script: 30000}, unhandledPromptBehavior: dismiss and notify}&#10;Session ID: 0038db9c-3c6c-4a8d-b24f-54a4de573a9d" type="org.openqa.selenium.WebDriverException">org.openqa.selenium.WebDriverException: 
TypeError: rect is undefined
Build info: version: '3.141.59', revision: 'e82be7d358', time: '2018-11-14T08:17:03'
System info: host: 'LAPTOP-TLEVL4LQ', ip: '192.168.128.1', os.name: 'Windows 10', os.arch: 'amd64', os.version: '10.0', java.version: '1.8.0_201'
Driver info: org.openqa.selenium.firefox.FirefoxDriver
Capabilities {acceptInsecureCerts: true, browserName: firefox, browserVersion: 66.0.4, javascriptEnabled: true, moz:accessibilityChecks: false, moz:geckodriverVersion: 0.24.0, moz:headless: false, moz:processID: 3356, moz:profile: C:\Users\mail2\AppData\Loca..., moz:shutdownTimeout: 60000, moz:useNonSpecCompliantPointerOrigin: false, moz:webdriverClick: true, pageLoadStrategy: normal, platform: WINDOWS, platformName: WINDOWS, platformVersion: 10.0, rotatable: false, setWindowRect: true, strictFileInteractability: false, timeouts: {implicit: 0, pageLoad: 300000, script: 30000}, unhandledPromptBehavior: dismiss and notify}
Session ID: 0038db9c-3c6c-4a8d-b24f-54a4de573a9d
	at com.test.TshirtPage.TC001_TshirtPageTest.BuyTshirt(TC001_TshirtPageTest.java:44)
</failure>
    <system-err><![CDATA[1560007003629	Marionette	INFO	Stopped listening on port 63621
[Parent 30264, Gecko_IOThread] WARNING: pipe error: 109: file z:/build/build/src/ipc/chromium/src/chrome/common/ipc_channel_win.cc, line 332
[Child 28764, Chrome_ChildThread] WARNING: pipe error: 109: file z:/build/build/src/ipc/chromium/src/chrome/common/ipc_channel_win.cc, line 332
[Child 28764, Chrome_ChildThread] WARNING: pipe error: 109: file z:/build/build/src/ipc/chromium/src/chrome/common/ipc_chann[Child 27072, Chrome_ChildThread] WARNING: pipe error: 109: file z:/build/build/src/ipc/chromium/src/chrome/common/ipc_channel_win.cc, line 332
[Child 27072, Chrome_ChildThread] WARNING: pipe error: 109: file z:/build/build/src/ipc/chromium/src/chrome/common/ipc_channel_win.cc, line 332
[Parent 30264, Gecko_IOThread] WARNING: pipe error: 109: file z:/build/build/src/ipc/chromium/src/chrome/common/ipc_channel_win.cc, line 332
[Child 23668, Chrome_ChildThread] WARNING: pipe error: 109: file z:/build/build/src/ipc/chromium/src/chrome/common/ipc_channel_win.cc, line 332
[Parent 30264, Gecko_IOThread] WARNING: pipe error: 109: file z:/build/build/src/ipc/chromium/src/chrome/common/ipc_channel_win.cc, line 332

###!!! [Child][RunMessage] Error: Channel closing: too late to send/recv, messages will be lost

[
###!!! [Child][MessageChannel::SendAndWait] Error: Channel error: cannot send/recv

1560007007051	mozrunner::runner	INFO	Running command: "C:\\Program Files\\Mozilla Firefox\\firefox.exe" "-marionette" "-foreground" "-no-remote" "-profile" "C:\\Users\\mail2\\AppData\\Local\\Temp\\rust_mozprofile.uNtyxnhJKZQ8"
1560007009093	addons.webextension.screenshots@mozilla.org	WARN	Loading extension 'screenshots@mozilla.org': Reading manifest: Invalid extension permission: mozillaAddons
1560007009093	addons.webextension.screenshots@mozilla.org	WARN	Loading extension 'screenshots@mozilla.org': Reading manifest: Invalid extension permission: resource://pdf.js/
1560007009094	addons.webextension.screenshots@mozilla.org	WARN	Loading extension 'screenshots@mozilla.org': Reading manifest: Invalid extension permission: about:reader*
1560007012135	Marionette	INFO	Listening on port 63715
1560007012489	Marionette	WARN	TLS certificate errors will be ignored for this session
Jun 08, 2019 11:16:52 AM org.openqa.selenium.remote.ProtocolHandshake createSession
INFO: Detected dialect: W3C
]]></system-err>
  </testcase>
</testsuite>