<?xml version="1.0" encoding="UTF-8"?>
<testng-results skipped="0" failed="1" ignored="0" total="11" passed="10">
  <reporter-output>
    <line>
      <![CDATA[<a herf='C:\Users\mail2\eclipse-workspace\AutomationFramework\src\main\java\com\test\ScreenshotSuccess\CreatAccountVerification_08_06_2019_11_14_07.png'> <img src ='C:\Users\mail2\eclipse-workspace\AutomationFramework\src\main\java\com\test\ScreenshotSuccess\CreatAccountVerification_08_06_2019_11_14_07.png' height='100' width='100'/> </a>]]>
    </line>
    <line>
      <![CDATA[<a herf='C:\Users\mail2\eclipse-workspace\AutomationFramework\src\main\java\com\test\ScreenshotSuccess\Verificationtheinvalidemailpopup_08_06_2019_11_14_26.png'> <img src ='C:\Users\mail2\eclipse-workspace\AutomationFramework\src\main\java\com\test\ScreenshotSuccess\Verificationtheinvalidemailpopup_08_06_2019_11_14_26.png' height='100' width='100'/> </a>]]>
    </line>
    <line>
      <![CDATA[<a herf='C:\Users\mail2\eclipse-workspace\AutomationFramework\src\main\java\com\test\ScreenshotSuccess\LoginVerification_08_06_2019_11_14_41.png'> <img src ='C:\Users\mail2\eclipse-workspace\AutomationFramework\src\main\java\com\test\ScreenshotSuccess\LoginVerification_08_06_2019_11_14_41.png' height='100' width='100'/> </a>]]>
    </line>
    <line>
      <![CDATA[<a herf='C:\Users\mail2\eclipse-workspace\AutomationFramework\src\main\java\com\test\ScreenshotSuccess\LoginVerification_08_06_2019_11_14_58.png'> <img src ='C:\Users\mail2\eclipse-workspace\AutomationFramework\src\main\java\com\test\ScreenshotSuccess\LoginVerification_08_06_2019_11_14_58.png' height='100' width='100'/> </a>]]>
    </line>
    <line>
      <![CDATA[<a herf='C:\Users\mail2\eclipse-workspace\AutomationFramework\src\main\java\com\test\ScreenshotSuccess\VerifyLoginTestwithXL_08_06_2019_11_15_14.png'> <img src ='C:\Users\mail2\eclipse-workspace\AutomationFramework\src\main\java\com\test\ScreenshotSuccess\VerifyLoginTestwithXL_08_06_2019_11_15_14.png' height='100' width='100'/> </a>]]>
    </line>
    <line>
      <![CDATA[<a herf='C:\Users\mail2\eclipse-workspace\AutomationFramework\src\main\java\com\test\ScreenshotSuccess\VerifyLoginTestwithXL_08_06_2019_11_15_18.png'> <img src ='C:\Users\mail2\eclipse-workspace\AutomationFramework\src\main\java\com\test\ScreenshotSuccess\VerifyLoginTestwithXL_08_06_2019_11_15_18.png' height='100' width='100'/> </a>]]>
    </line>
    <line>
      <![CDATA[<a herf='C:\Users\mail2\eclipse-workspace\AutomationFramework\src\main\java\com\test\ScreenshotSuccess\VelidatetitleBarlinks_08_06_2019_11_15_43.png'> <img src ='C:\Users\mail2\eclipse-workspace\AutomationFramework\src\main\java\com\test\ScreenshotSuccess\VelidatetitleBarlinks_08_06_2019_11_15_43.png' height='100' width='100'/> </a>]]>
    </line>
    <line>
      <![CDATA[<a herf='C:\Users\mail2\eclipse-workspace\AutomationFramework\src\main\java\com\test\ScreenshotSuccess\ValidateSerchOption_08_06_2019_11_15_58.png'> <img src ='C:\Users\mail2\eclipse-workspace\AutomationFramework\src\main\java\com\test\ScreenshotSuccess\ValidateSerchOption_08_06_2019_11_15_58.png' height='100' width='100'/> </a>]]>
    </line>
    <line>
      <![CDATA[<a herf='C:\Users\mail2\eclipse-workspace\AutomationFramework\src\main\java\com\test\ScreenshotSuccess\ValidateSerchOption_08_06_2019_11_16_22.png'> <img src ='C:\Users\mail2\eclipse-workspace\AutomationFramework\src\main\java\com\test\ScreenshotSuccess\ValidateSerchOption_08_06_2019_11_16_22.png' height='100' width='100'/> </a>]]>
    </line>
    <line>
      <![CDATA[<a herf='C:\Users\mail2\eclipse-workspace\AutomationFramework\src\main\java\com\test\ScreenshotSuccess\VelidateSocialLink_08_06_2019_11_16_43.png'> <img src ='C:\Users\mail2\eclipse-workspace\AutomationFramework\src\main\java\com\test\ScreenshotSuccess\VelidateSocialLink_08_06_2019_11_16_43.png' height='100' width='100'/> </a>]]>
    </line>
    <line>
      <![CDATA[<a herf='C:\Users\mail2\eclipse-workspace\AutomationFramework\src\main\java\com\test\ScreenshotFailure\BuyTshirt_08_06_2019_11_16_58.png'> <img src ='C:\Users\mail2\eclipse-workspace\AutomationFramework\src\main\java\com\test\ScreenshotFailure\BuyTshirt_08_06_2019_11_16_58.png' height='100' width='100'/> </a>]]>
    </line>
  </reporter-output>
  <suite name="Suite" duration-ms="198349" started-at="2019-06-08T15:13:43Z" finished-at="2019-06-08T15:17:01Z">
    <groups>
    </groups>
    <test name="Test1" duration-ms="27474" started-at="2019-06-08T15:13:43Z" finished-at="2019-06-08T15:14:10Z">
      <class name="com.test.CreatAccount.TC001_CreatAccountTest">
        <test-method status="PASS" signature="BrowserSetUp()[pri:0, instance:com.test.CreatAccount.TC001_CreatAccountTest@c267ef4]" name="BrowserSetUp" is-config="true" duration-ms="14455" started-at="2019-06-08T15:13:43Z" finished-at="2019-06-08T15:13:57Z">
          <reporter-output>
          </reporter-output>
        </test-method> <!-- BrowserSetUp -->
        <test-method status="PASS" signature="CreatAccountVerification()[pri:0, instance:com.test.CreatAccount.TC001_CreatAccountTest@c267ef4]" name="CreatAccountVerification" duration-ms="9496" started-at="2019-06-08T15:13:57Z" finished-at="2019-06-08T15:14:07Z">
          <reporter-output>
            <line>
              <![CDATA[<a herf='C:\Users\mail2\eclipse-workspace\AutomationFramework\src\main\java\com\test\ScreenshotSuccess\CreatAccountVerification_08_06_2019_11_14_07.png'> <img src ='C:\Users\mail2\eclipse-workspace\AutomationFramework\src\main\java\com\test\ScreenshotSuccess\CreatAccountVerification_08_06_2019_11_14_07.png' height='100' width='100'/> </a>]]>
            </line>
          </reporter-output>
        </test-method> <!-- CreatAccountVerification -->
        <test-method status="PASS" signature="tearDown()[pri:0, instance:com.test.CreatAccount.TC001_CreatAccountTest@c267ef4]" name="tearDown" is-config="true" duration-ms="3435" started-at="2019-06-08T15:14:07Z" finished-at="2019-06-08T15:14:10Z">
          <reporter-output>
          </reporter-output>
        </test-method> <!-- tearDown -->
      </class> <!-- com.test.CreatAccount.TC001_CreatAccountTest -->
    </test> <!-- Test1 -->
    <test name="Test2" duration-ms="18214" started-at="2019-06-08T15:14:10Z" finished-at="2019-06-08T15:14:29Z">
      <class name="com.test.CreatAccount.TC002_VerifytheInvalidpopupTest">
        <test-method status="PASS" signature="BrowserSetUp()[pri:0, instance:com.test.CreatAccount.TC002_VerifytheInvalidpopupTest@41fbdac4]" name="BrowserSetUp" is-config="true" duration-ms="9851" started-at="2019-06-08T15:14:10Z" finished-at="2019-06-08T15:14:20Z">
          <reporter-output>
          </reporter-output>
        </test-method> <!-- BrowserSetUp -->
        <test-method status="PASS" signature="Verificationtheinvalidemailpopup()[pri:0, instance:com.test.CreatAccount.TC002_VerifytheInvalidpopupTest@41fbdac4]" name="Verificationtheinvalidemailpopup" duration-ms="5764" started-at="2019-06-08T15:14:20Z" finished-at="2019-06-08T15:14:26Z">
          <reporter-output>
            <line>
              <![CDATA[<a herf='C:\Users\mail2\eclipse-workspace\AutomationFramework\src\main\java\com\test\ScreenshotSuccess\Verificationtheinvalidemailpopup_08_06_2019_11_14_26.png'> <img src ='C:\Users\mail2\eclipse-workspace\AutomationFramework\src\main\java\com\test\ScreenshotSuccess\Verificationtheinvalidemailpopup_08_06_2019_11_14_26.png' height='100' width='100'/> </a>]]>
            </line>
          </reporter-output>
        </test-method> <!-- Verificationtheinvalidemailpopup -->
        <test-method status="PASS" signature="tearDown()[pri:0, instance:com.test.CreatAccount.TC002_VerifytheInvalidpopupTest@41fbdac4]" name="tearDown" is-config="true" duration-ms="2494" started-at="2019-06-08T15:14:26Z" finished-at="2019-06-08T15:14:29Z">
          <reporter-output>
          </reporter-output>
        </test-method> <!-- tearDown -->
      </class> <!-- com.test.CreatAccount.TC002_VerifytheInvalidpopupTest -->
    </test> <!-- Test2 -->
    <test name="Test3" duration-ms="14939" started-at="2019-06-08T15:14:29Z" finished-at="2019-06-08T15:14:44Z">
      <class name="com.test.LoginPage.TC001_LoginPageTest">
        <test-method status="PASS" signature="BrowserSetUp()[pri:0, instance:com.test.LoginPage.TC001_LoginPageTest@708f5957]" name="BrowserSetUp" is-config="true" duration-ms="8110" started-at="2019-06-08T15:14:29Z" finished-at="2019-06-08T15:14:37Z">
          <reporter-output>
          </reporter-output>
        </test-method> <!-- BrowserSetUp -->
        <test-method status="PASS" signature="LoginVerification()[pri:0, instance:com.test.LoginPage.TC001_LoginPageTest@708f5957]" name="LoginVerification" duration-ms="4502" started-at="2019-06-08T15:14:37Z" finished-at="2019-06-08T15:14:41Z">
          <reporter-output>
            <line>
              <![CDATA[<a herf='C:\Users\mail2\eclipse-workspace\AutomationFramework\src\main\java\com\test\ScreenshotSuccess\LoginVerification_08_06_2019_11_14_41.png'> <img src ='C:\Users\mail2\eclipse-workspace\AutomationFramework\src\main\java\com\test\ScreenshotSuccess\LoginVerification_08_06_2019_11_14_41.png' height='100' width='100'/> </a>]]>
            </line>
          </reporter-output>
        </test-method> <!-- LoginVerification -->
        <test-method status="PASS" signature="tearDown()[pri:0, instance:com.test.LoginPage.TC001_LoginPageTest@708f5957]" name="tearDown" is-config="true" duration-ms="2229" started-at="2019-06-08T15:14:41Z" finished-at="2019-06-08T15:14:44Z">
          <reporter-output>
          </reporter-output>
        </test-method> <!-- tearDown -->
      </class> <!-- com.test.LoginPage.TC001_LoginPageTest -->
    </test> <!-- Test3 -->
    <test name="Test4" duration-ms="15573" started-at="2019-06-08T15:14:44Z" finished-at="2019-06-08T15:14:59Z">
      <class name="com.test.LoginPage.TC002_LoginPageTest">
        <test-method status="PASS" signature="BrowserSetUp()[pri:0, instance:com.test.LoginPage.TC002_LoginPageTest@2f7298b]" name="BrowserSetUp" is-config="true" duration-ms="9361" started-at="2019-06-08T15:14:44Z" finished-at="2019-06-08T15:14:53Z">
          <reporter-output>
          </reporter-output>
        </test-method> <!-- BrowserSetUp -->
        <test-method status="PASS" signature="LoginVerification(java.lang.String, java.lang.String)[pri:0, instance:com.test.LoginPage.TC002_LoginPageTest@2f7298b]" name="LoginVerification" duration-ms="4495" started-at="2019-06-08T15:14:53Z" finished-at="2019-06-08T15:14:58Z">
          <params>
            <param index="0">
              <value>
                <![CDATA[mail2bhavin88@gmail.com]]>
              </value>
            </param>
            <param index="1">
              <value>
                <![CDATA[123456789]]>
              </value>
            </param>
          </params>
          <reporter-output>
            <line>
              <![CDATA[<a herf='C:\Users\mail2\eclipse-workspace\AutomationFramework\src\main\java\com\test\ScreenshotSuccess\LoginVerification_08_06_2019_11_14_58.png'> <img src ='C:\Users\mail2\eclipse-workspace\AutomationFramework\src\main\java\com\test\ScreenshotSuccess\LoginVerification_08_06_2019_11_14_58.png' height='100' width='100'/> </a>]]>
            </line>
          </reporter-output>
        </test-method> <!-- LoginVerification -->
        <test-method status="PASS" signature="tearDown()[pri:0, instance:com.test.LoginPage.TC002_LoginPageTest@2f7298b]" name="tearDown" is-config="true" duration-ms="1611" started-at="2019-06-08T15:14:58Z" finished-at="2019-06-08T15:14:59Z">
          <reporter-output>
          </reporter-output>
        </test-method> <!-- tearDown -->
      </class> <!-- com.test.LoginPage.TC002_LoginPageTest -->
    </test> <!-- Test4 -->
    <test name="Test5" duration-ms="21862" started-at="2019-06-08T15:14:59Z" finished-at="2019-06-08T15:15:21Z">
      <class name="com.test.LoginPage.TC003_LoginXLTest">
        <test-method status="PASS" signature="BrowserSetUp()[pri:0, instance:com.test.LoginPage.TC003_LoginXLTest@7714e963]" name="BrowserSetUp" is-config="true" duration-ms="8979" started-at="2019-06-08T15:14:59Z" finished-at="2019-06-08T15:15:08Z">
          <reporter-output>
          </reporter-output>
        </test-method> <!-- BrowserSetUp -->
        <test-method status="PASS" signature="VerifyLoginTestwithXL(java.lang.String, java.lang.String, java.lang.String)[pri:0, instance:com.test.LoginPage.TC003_LoginXLTest@7714e963]" name="VerifyLoginTestwithXL" duration-ms="3895" started-at="2019-06-08T15:15:10Z" data-provider="getLoginData" finished-at="2019-06-08T15:15:14Z">
          <params>
            <param index="0">
              <value>
                <![CDATA[1]]>
              </value>
            </param>
            <param index="1">
              <value>
                <![CDATA[ramesh.korla@gmail.com]]>
              </value>
            </param>
            <param index="2">
              <value>
                <![CDATA[test123]]>
              </value>
            </param>
          </params>
          <reporter-output>
            <line>
              <![CDATA[<a herf='C:\Users\mail2\eclipse-workspace\AutomationFramework\src\main\java\com\test\ScreenshotSuccess\VerifyLoginTestwithXL_08_06_2019_11_15_14.png'> <img src ='C:\Users\mail2\eclipse-workspace\AutomationFramework\src\main\java\com\test\ScreenshotSuccess\VerifyLoginTestwithXL_08_06_2019_11_15_14.png' height='100' width='100'/> </a>]]>
            </line>
          </reporter-output>
        </test-method> <!-- VerifyLoginTestwithXL -->
        <test-method status="PASS" signature="VerifyLoginTestwithXL(java.lang.String, java.lang.String, java.lang.String)[pri:0, instance:com.test.LoginPage.TC003_LoginXLTest@7714e963]" name="VerifyLoginTestwithXL" duration-ms="3500" started-at="2019-06-08T15:15:14Z" data-provider="getLoginData" finished-at="2019-06-08T15:15:18Z">
          <params>
            <param index="0">
              <value>
                <![CDATA[2]]>
              </value>
            </param>
            <param index="1">
              <value>
                <![CDATA[bhavinpatel@gmail.com]]>
              </value>
            </param>
            <param index="2">
              <value>
                <![CDATA[admin123]]>
              </value>
            </param>
          </params>
          <reporter-output>
            <line>
              <![CDATA[<a herf='C:\Users\mail2\eclipse-workspace\AutomationFramework\src\main\java\com\test\ScreenshotSuccess\VerifyLoginTestwithXL_08_06_2019_11_15_18.png'> <img src ='C:\Users\mail2\eclipse-workspace\AutomationFramework\src\main\java\com\test\ScreenshotSuccess\VerifyLoginTestwithXL_08_06_2019_11_15_18.png' height='100' width='100'/> </a>]]>
            </line>
          </reporter-output>
        </test-method> <!-- VerifyLoginTestwithXL -->
        <test-method status="PASS" signature="EndTest()[pri:0, instance:com.test.LoginPage.TC003_LoginXLTest@7714e963]" name="EndTest" is-config="true" duration-ms="3109" started-at="2019-06-08T15:15:18Z" finished-at="2019-06-08T15:15:21Z">
          <reporter-output>
          </reporter-output>
        </test-method> <!-- EndTest -->
      </class> <!-- com.test.LoginPage.TC003_LoginXLTest -->
    </test> <!-- Test5 -->
    <test name="Test6" duration-ms="24872" started-at="2019-06-08T15:15:21Z" finished-at="2019-06-08T15:15:46Z">
      <class name="com.test.LoginPage.TC004_LoginPageVerifytitlebarlinksTest">
        <test-method status="PASS" signature="BrowserSetUp()[pri:0, instance:com.test.LoginPage.TC004_LoginPageVerifytitlebarlinksTest@192d43ce]" name="BrowserSetUp" is-config="true" duration-ms="9473" started-at="2019-06-08T15:15:21Z" finished-at="2019-06-08T15:15:31Z">
          <reporter-output>
          </reporter-output>
        </test-method> <!-- BrowserSetUp -->
        <test-method status="PASS" signature="VelidatetitleBarlinks()[pri:0, instance:com.test.LoginPage.TC004_LoginPageVerifytitlebarlinksTest@192d43ce]" name="VelidatetitleBarlinks" duration-ms="12181" started-at="2019-06-08T15:15:31Z" finished-at="2019-06-08T15:15:43Z">
          <reporter-output>
            <line>
              <![CDATA[<a herf='C:\Users\mail2\eclipse-workspace\AutomationFramework\src\main\java\com\test\ScreenshotSuccess\VelidatetitleBarlinks_08_06_2019_11_15_43.png'> <img src ='C:\Users\mail2\eclipse-workspace\AutomationFramework\src\main\java\com\test\ScreenshotSuccess\VelidatetitleBarlinks_08_06_2019_11_15_43.png' height='100' width='100'/> </a>]]>
            </line>
          </reporter-output>
        </test-method> <!-- VelidatetitleBarlinks -->
        <test-method status="PASS" signature="tearDown()[pri:0, instance:com.test.LoginPage.TC004_LoginPageVerifytitlebarlinksTest@192d43ce]" name="tearDown" is-config="true" duration-ms="2838" started-at="2019-06-08T15:15:43Z" finished-at="2019-06-08T15:15:46Z">
          <reporter-output>
          </reporter-output>
        </test-method> <!-- tearDown -->
      </class> <!-- com.test.LoginPage.TC004_LoginPageVerifytitlebarlinksTest -->
    </test> <!-- Test6 -->
    <test name="Test7" duration-ms="14681" started-at="2019-06-08T15:15:46Z" finished-at="2019-06-08T15:16:01Z">
      <class name="com.test.LoginPage.TC005_LoginPageVerifySearchOptionTest">
        <test-method status="PASS" signature="BrowserSetUp()[pri:0, instance:com.test.LoginPage.TC005_LoginPageVerifySearchOptionTest@479d31f3]" name="BrowserSetUp" is-config="true" duration-ms="9087" started-at="2019-06-08T15:15:46Z" finished-at="2019-06-08T15:15:55Z">
          <reporter-output>
          </reporter-output>
        </test-method> <!-- BrowserSetUp -->
        <test-method status="PASS" signature="ValidateSerchOption()[pri:0, instance:com.test.LoginPage.TC005_LoginPageVerifySearchOptionTest@479d31f3]" name="ValidateSerchOption" duration-ms="2955" started-at="2019-06-08T15:15:55Z" finished-at="2019-06-08T15:15:58Z">
          <reporter-output>
            <line>
              <![CDATA[<a herf='C:\Users\mail2\eclipse-workspace\AutomationFramework\src\main\java\com\test\ScreenshotSuccess\ValidateSerchOption_08_06_2019_11_15_58.png'> <img src ='C:\Users\mail2\eclipse-workspace\AutomationFramework\src\main\java\com\test\ScreenshotSuccess\ValidateSerchOption_08_06_2019_11_15_58.png' height='100' width='100'/> </a>]]>
            </line>
          </reporter-output>
        </test-method> <!-- ValidateSerchOption -->
        <test-method status="PASS" signature="tearDown()[pri:0, instance:com.test.LoginPage.TC005_LoginPageVerifySearchOptionTest@479d31f3]" name="tearDown" is-config="true" duration-ms="2542" started-at="2019-06-08T15:15:58Z" finished-at="2019-06-08T15:16:01Z">
          <reporter-output>
          </reporter-output>
        </test-method> <!-- tearDown -->
      </class> <!-- com.test.LoginPage.TC005_LoginPageVerifySearchOptionTest -->
    </test> <!-- Test7 -->
    <test name="Test8" duration-ms="24011" started-at="2019-06-08T15:16:01Z" finished-at="2019-06-08T15:16:25Z">
      <class name="com.test.LoginPage.TC006LoginPageVerifyWomen_Dresses_Tshirt_OptionTest">
        <test-method status="PASS" signature="BrowserSetUp()[pri:0, instance:com.test.LoginPage.TC006LoginPageVerifyWomen_Dresses_Tshirt_OptionTest@384ad17b]" name="BrowserSetUp" is-config="true" duration-ms="9496" started-at="2019-06-08T15:16:01Z" finished-at="2019-06-08T15:16:10Z">
          <reporter-output>
          </reporter-output>
        </test-method> <!-- BrowserSetUp -->
        <test-method status="PASS" signature="ValidateSerchOption()[pri:0, instance:com.test.LoginPage.TC006LoginPageVerifyWomen_Dresses_Tshirt_OptionTest@384ad17b]" name="ValidateSerchOption" duration-ms="11378" started-at="2019-06-08T15:16:10Z" finished-at="2019-06-08T15:16:22Z">
          <reporter-output>
            <line>
              <![CDATA[<a herf='C:\Users\mail2\eclipse-workspace\AutomationFramework\src\main\java\com\test\ScreenshotSuccess\ValidateSerchOption_08_06_2019_11_16_22.png'> <img src ='C:\Users\mail2\eclipse-workspace\AutomationFramework\src\main\java\com\test\ScreenshotSuccess\ValidateSerchOption_08_06_2019_11_16_22.png' height='100' width='100'/> </a>]]>
            </line>
          </reporter-output>
        </test-method> <!-- ValidateSerchOption -->
        <test-method status="PASS" signature="tearDown()[pri:0, instance:com.test.LoginPage.TC006LoginPageVerifyWomen_Dresses_Tshirt_OptionTest@384ad17b]" name="tearDown" is-config="true" duration-ms="2968" started-at="2019-06-08T15:16:22Z" finished-at="2019-06-08T15:16:25Z">
          <reporter-output>
          </reporter-output>
        </test-method> <!-- tearDown -->
      </class> <!-- com.test.LoginPage.TC006LoginPageVerifyWomen_Dresses_Tshirt_OptionTest -->
    </test> <!-- Test8 -->
    <test name="Test9" duration-ms="21254" started-at="2019-06-08T15:16:25Z" finished-at="2019-06-08T15:16:46Z">
      <class name="com.test.LoginPage.TC007LoginPage_Verify_social_LinkTest">
        <test-method status="PASS" signature="BrowserSetUp()[pri:0, instance:com.test.LoginPage.TC007LoginPage_Verify_social_LinkTest@14dd9eb7]" name="BrowserSetUp" is-config="true" duration-ms="11143" started-at="2019-06-08T15:16:25Z" finished-at="2019-06-08T15:16:36Z">
          <reporter-output>
          </reporter-output>
        </test-method> <!-- BrowserSetUp -->
        <test-method status="PASS" signature="VelidateSocialLink()[pri:0, instance:com.test.LoginPage.TC007LoginPage_Verify_social_LinkTest@14dd9eb7]" name="VelidateSocialLink" duration-ms="7103" started-at="2019-06-08T15:16:36Z" finished-at="2019-06-08T15:16:43Z">
          <reporter-output>
            <line>
              <![CDATA[<a herf='C:\Users\mail2\eclipse-workspace\AutomationFramework\src\main\java\com\test\ScreenshotSuccess\VelidateSocialLink_08_06_2019_11_16_43.png'> <img src ='C:\Users\mail2\eclipse-workspace\AutomationFramework\src\main\java\com\test\ScreenshotSuccess\VelidateSocialLink_08_06_2019_11_16_43.png' height='100' width='100'/> </a>]]>
            </line>
          </reporter-output>
        </test-method> <!-- VelidateSocialLink -->
        <test-method status="PASS" signature="tearDown()[pri:0, instance:com.test.LoginPage.TC007LoginPage_Verify_social_LinkTest@14dd9eb7]" name="tearDown" is-config="true" duration-ms="2819" started-at="2019-06-08T15:16:43Z" finished-at="2019-06-08T15:16:46Z">
          <reporter-output>
          </reporter-output>
        </test-method> <!-- tearDown -->
      </class> <!-- com.test.LoginPage.TC007LoginPage_Verify_social_LinkTest -->
    </test> <!-- Test9 -->
    <test name="Test10" duration-ms="15312" started-at="2019-06-08T15:16:46Z" finished-at="2019-06-08T15:17:01Z">
      <class name="com.test.TshirtPage.TC001_TshirtPageTest">
        <test-method status="PASS" signature="BrowserSetUp()[pri:0, instance:com.test.TshirtPage.TC001_TshirtPageTest@5fdcaa40]" name="BrowserSetUp" is-config="true" duration-ms="9211" started-at="2019-06-08T15:16:46Z" finished-at="2019-06-08T15:16:55Z">
          <reporter-output>
          </reporter-output>
        </test-method> <!-- BrowserSetUp -->
        <test-method status="FAIL" signature="BuyTshirt()[pri:0, instance:com.test.TshirtPage.TC001_TshirtPageTest@5fdcaa40]" name="BuyTshirt" duration-ms="2466" started-at="2019-06-08T15:16:55Z" finished-at="2019-06-08T15:16:58Z">
          <exception class="org.openqa.selenium.WebDriverException">
            <message>
              <![CDATA[TypeError: rect is undefined
Build info: version: '3.141.59', revision: 'e82be7d358', time: '2018-11-14T08:17:03'
System info: host: 'LAPTOP-TLEVL4LQ', ip: '192.168.128.1', os.name: 'Windows 10', os.arch: 'amd64', os.version: '10.0', java.version: '1.8.0_201'
Driver info: org.openqa.selenium.firefox.FirefoxDriver
Capabilities {acceptInsecureCerts: true, browserName: firefox, browserVersion: 66.0.4, javascriptEnabled: true, moz:accessibilityChecks: false, moz:geckodriverVersion: 0.24.0, moz:headless: false, moz:processID: 3356, moz:profile: C:\Users\mail2\AppData\Loca..., moz:shutdownTimeout: 60000, moz:useNonSpecCompliantPointerOrigin: false, moz:webdriverClick: true, pageLoadStrategy: normal, platform: WINDOWS, platformName: WINDOWS, platformVersion: 10.0, rotatable: false, setWindowRect: true, strictFileInteractability: false, timeouts: {implicit: 0, pageLoad: 300000, script: 30000}, unhandledPromptBehavior: dismiss and notify}
Session ID: 0038db9c-3c6c-4a8d-b24f-54a4de573a9d]]>
            </message>
            <full-stacktrace>
              <![CDATA[org.openqa.selenium.WebDriverException: TypeError: rect is undefined
Build info: version: '3.141.59', revision: 'e82be7d358', time: '2018-11-14T08:17:03'
System info: host: 'LAPTOP-TLEVL4LQ', ip: '192.168.128.1', os.name: 'Windows 10', os.arch: 'amd64', os.version: '10.0', java.version: '1.8.0_201'
Driver info: org.openqa.selenium.firefox.FirefoxDriver
Capabilities {acceptInsecureCerts: true, browserName: firefox, browserVersion: 66.0.4, javascriptEnabled: true, moz:accessibilityChecks: false, moz:geckodriverVersion: 0.24.0, moz:headless: false, moz:processID: 3356, moz:profile: C:\Users\mail2\AppData\Loca..., moz:shutdownTimeout: 60000, moz:useNonSpecCompliantPointerOrigin: false, moz:webdriverClick: true, pageLoadStrategy: normal, platform: WINDOWS, platformName: WINDOWS, platformVersion: 10.0, rotatable: false, setWindowRect: true, strictFileInteractability: false, timeouts: {implicit: 0, pageLoad: 300000, script: 30000}, unhandledPromptBehavior: dismiss and notify}
Session ID: 0038db9c-3c6c-4a8d-b24f-54a4de573a9d
at sun.reflect.NativeConstructorAccessorImpl.newInstance0(Native Method)
at sun.reflect.NativeConstructorAccessorImpl.newInstance(NativeConstructorAccessorImpl.java:62)
at sun.reflect.DelegatingConstructorAccessorImpl.newInstance(DelegatingConstructorAccessorImpl.java:45)
at java.lang.reflect.Constructor.newInstance(Constructor.java:423)
at org.openqa.selenium.remote.http.W3CHttpResponseCodec.createException(W3CHttpResponseCodec.java:187)
at org.openqa.selenium.remote.http.W3CHttpResponseCodec.decode(W3CHttpResponseCodec.java:122)
at org.openqa.selenium.remote.http.W3CHttpResponseCodec.decode(W3CHttpResponseCodec.java:49)
at org.openqa.selenium.remote.HttpCommandExecutor.execute(HttpCommandExecutor.java:158)
at org.openqa.selenium.remote.service.DriverCommandExecutor.execute(DriverCommandExecutor.java:83)
at org.openqa.selenium.remote.RemoteWebDriver.execute(RemoteWebDriver.java:552)
at org.openqa.selenium.remote.RemoteWebDriver.perform(RemoteWebDriver.java:618)
at org.openqa.selenium.interactions.Actions$BuiltAction.perform(Actions.java:639)
at com.test.PageActions.LoginPage.ClickonTshirt(LoginPage.java:141)
at com.test.TshirtPage.TC001_TshirtPageTest.BuyTshirt(TC001_TshirtPageTest.java:44)
at sun.reflect.NativeMethodAccessorImpl.invoke0(Native Method)
at sun.reflect.NativeMethodAccessorImpl.invoke(NativeMethodAccessorImpl.java:62)
at sun.reflect.DelegatingMethodAccessorImpl.invoke(DelegatingMethodAccessorImpl.java:43)
at java.lang.reflect.Method.invoke(Method.java:498)
at org.testng.internal.MethodInvocationHelper.invokeMethod(MethodInvocationHelper.java:124)
at org.testng.internal.Invoker.invokeMethod(Invoker.java:580)
at org.testng.internal.Invoker.invokeTestMethod(Invoker.java:716)
at org.testng.internal.Invoker.invokeTestMethods(Invoker.java:988)
at org.testng.internal.TestMethodWorker.invokeTestMethods(TestMethodWorker.java:125)
at org.testng.internal.TestMethodWorker.run(TestMethodWorker.java:109)
at org.testng.TestRunner.privateRun(TestRunner.java:648)
at org.testng.TestRunner.run(TestRunner.java:505)
at org.testng.SuiteRunner.runTest(SuiteRunner.java:455)
at org.testng.SuiteRunner.runSequentially(SuiteRunner.java:450)
at org.testng.SuiteRunner.privateRun(SuiteRunner.java:415)
at org.testng.SuiteRunner.run(SuiteRunner.java:364)
at org.testng.SuiteRunnerWorker.runSuite(SuiteRunnerWorker.java:52)
at org.testng.SuiteRunnerWorker.run(SuiteRunnerWorker.java:84)
at org.testng.TestNG.runSuitesSequentially(TestNG.java:1208)
at org.testng.TestNG.runSuitesLocally(TestNG.java:1137)
at org.testng.TestNG.runSuites(TestNG.java:1049)
at org.testng.TestNG.run(TestNG.java:1017)
at org.apache.maven.surefire.testng.TestNGExecutor.run(TestNGExecutor.java:283)
at org.apache.maven.surefire.testng.TestNGXmlTestSuite.execute(TestNGXmlTestSuite.java:75)
at org.apache.maven.surefire.testng.TestNGProvider.invoke(TestNGProvider.java:120)
at org.apache.maven.surefire.booter.ForkedBooter.invokeProviderInSameClassLoader(ForkedBooter.java:384)
at org.apache.maven.surefire.booter.ForkedBooter.runSuitesInProcess(ForkedBooter.java:345)
at org.apache.maven.surefire.booter.ForkedBooter.execute(ForkedBooter.java:126)
at org.apache.maven.surefire.booter.ForkedBooter.main(ForkedBooter.java:418)
]]>
            </full-stacktrace>
          </exception> <!-- org.openqa.selenium.WebDriverException -->
          <reporter-output>
            <line>
              <![CDATA[<a herf='C:\Users\mail2\eclipse-workspace\AutomationFramework\src\main\java\com\test\ScreenshotFailure\BuyTshirt_08_06_2019_11_16_58.png'> <img src ='C:\Users\mail2\eclipse-workspace\AutomationFramework\src\main\java\com\test\ScreenshotFailure\BuyTshirt_08_06_2019_11_16_58.png' height='100' width='100'/> </a>]]>
            </line>
          </reporter-output>
        </test-method> <!-- BuyTshirt -->
        <test-method status="PASS" signature="tearDown()[pri:0, instance:com.test.TshirtPage.TC001_TshirtPageTest@5fdcaa40]" name="tearDown" is-config="true" duration-ms="3195" started-at="2019-06-08T15:16:58Z" finished-at="2019-06-08T15:17:01Z">
          <reporter-output>
          </reporter-output>
        </test-method> <!-- tearDown -->
      </class> <!-- com.test.TshirtPage.TC001_TshirtPageTest -->
    </test> <!-- Test10 -->
  </suite> <!-- Suite -->
</testng-results>
